Servo Init
Sending Photo
Ready
Sending Photo
Sending Photo
Servo open
Sending Photo
Servo close
Sending Photo
Sending Photo
Sending Photo
Sending Photo
Sending Photo
Sending Photo
Sending Photo
Sending Photo
Servo open
Sending Photo
Sending Photo
Servo close
Sending Photo
Sending Photo
Sending Photo
Sending Photo
Servo open
Servo close
Sending Photo
Sending Photo
Sending Photo
Sending Photo
Sending Photo
Sending Photo
Servo open
Sending Photo
Sending Photo
Servo close
Sending Photo
Sending Photo
Sending Photo
Servo open
Sending Photo
Sending Photo
Sending Photo
Sending Photo
Sending Photo
Servo close
Sending Photo
Servo open
Servo close
Sending Photo
Sending Photo
Sending Photo
Servo open
Sending Photo
Sending Photo
Servo close
Sending Photo
Servo open
Servo close
Sending Photo
Servo open
Sending Photo
Sending Photo
Sending Photo
Servo close
Sending Photo
Sending Photo
Sending Photo
Sending Photo
Sending Photo
Servo open
Sending Photo
Sending Photo
Sending Photo
Servo close
Sending Photo
Sending Photo
Sending Photo
Sending Photo
Sending Photo
Sending Photo
Sending Photo
Sending Photo
Sending Photo
Sending Photo
Sending Photo
Sending Photo
Sending Photo
Sending Photo
Sending Photo
Sending Photo
Sending Photo
Sending Photo
Sending Photo
Sending Photo
Sending Photo
Sending Photo
Sending Photo
Sending Photo
Sending Photo
Sending Photo
Sending Photo
Sending Photo
Sending Photo
Sending Photo
Sending Photo
Timed out
Servo Init
Sending Photo
Ready
Sending Photo
Sending Photo
Sending Photo
Sending Photo
Sending Photo
Servo open
Sending Photo
Sending Photo
Sending Photo
Sending Photo
Servo close
Sending Photo
Sending Photo
Servo open
Sending Photo
Sending Photo
Servo close
Sending Photo
Sending Photo
Servo open
Sending Photo
Sending Photo
Servo close
Sending Photo
Sending Photo
Servo open
Sending Photo
Sending Photo
Servo close
Sending Photo
Sending Photo
Servo open
Sending Photo
Servo close
Sending Photo
Sending Photo
Sending Photo
Sending Photo
Servo open
Sending Photo
Servo close
Sending Photo
Sending Photo
Servo open
Sending Photo
Sending Photo
Servo close
Sending Photo
Sending Photo
Sending Photo
Sending Photo
Sending Photo
Sending Photo
Sending Photo
Servo open
Sending Photo
Servo close
Sending Photo
Sending Photo
Sending Photo
Sending Photo
Servo open
Sending Photo
Servo close
Sending Photo
Sending Photo
Sending Photo
Sending Photo
Sending Photo
Sending Photo
Sending Photo
Sending Photo
Sending Photo
Sending Photo
Sending Photo
Sending Photo
Sending Photo
Servo open
Sending Photo
Sending Photo
Servo close
Sending Photo
Failed to set parameter 65557 to <picamera.mmal.MMAL_PARAMETER_CAMERA_CONFIG_T object at 0xb5cc58f0>: Argument is invalid
Servo Init
Sending Photo
Ready
Sending Photo
Servo open
Servo close
Sending Photo
Sending Photo
Sending Photo
Sending Photo
Sending Photo
Sending Photo
Sending Photo
Sending Photo
Sending Photo
Sending Photo
Sending Photo
Sending Photo
Sending Photo
Sending Photo
Sending Photo
Servo open
Sending Photo
Sending Photo
Sending Photo
Sending Photo
Sending Photo
Sending Photo
Servo close
Sending Photo
Sending Photo
Sending Photo
Sending Photo
Sending Photo
Sending Photo
Sending Photo
Sending Photo
Sending Photo
Sending Photo
Servo open
Sending Photo
Servo close
Sending Photo
Sending Photo
Sending Photo
Servo open
Sending Photo
Sending Photo
Servo close
Sending Photo
Sending Photo
Sending Photo
Sending Photo
Sending Photo
Servo open
Sending Photo
Sending Photo
Sending Photo
Servo close
Sending Photo
Sending Photo
Sending Photo
Sending Photo
Sending Photo
Sending Photo
Sending Photo
Servo open
Sending Photo
Sending Photo
Sending Photo
Sending Photo
Servo close
Sending Photo
Servo open
Servo close
Sending Photo
Sending Photo
Sending Photo
Sending Photo
Sending Photo
Sending Photo
Sending Photo
Sending Photo
Sending Photo
Sending Photo
Sending Photo
Sending Photo
Timed out
mmal: mmal_vc_port_info_set: failed to set port info (3:2): EINVAL
mmal: mmal_vc_port_set_format: mmal_vc_port_info_set failed 0x19e4a00 (EINVAL)
Servo Init
Sending Photo
Ready
Sending Photo
Sending Photo
Servo open
Sending Photo
Servo close
Sending Photo
Sending Photo
Sending Photo
Sending Photo
Sending Photo
Servo open
Sending Photo
Servo close
Sending Photo
Sending Photo
Servo open
Sending Photo
Sending Photo
Servo close
Sending Photo
Sending Photo
Sending Photo
Sending Photo
Sending Photo
Sending Photo
Servo open
Servo close
Sending Photo
Servo open
Sending Photo
Sending Photo
Servo close
Sending Photo
Sending Photo
Servo open
Sending Photo
Servo close
Sending Photo
Sending Photo
Sending Photo
Sending Photo
Sending Photo
Servo open
Sending Photo
Sending Photo
Sending Photo
Servo close
Sending Photo
Sending Photo
Sending Photo
Servo open
Sending Photo
Sending Photo
Servo close
Sending Photo
Sending Photo
Servo open
Sending Photo
Servo close
Sending Photo
Sending Photo
Sending Photo
Sending Photo
Servo open
Sending Photo
Servo close
Sending Photo
Sending Photo
Sending Photo
Servo open
Sending Photo
Sending Photo
Servo close
Sending Photo
Sending Photo
Sending Photo
Sending Photo
Sending Photo
Sending Photo
Sending Photo
Sending Photo
Servo open
Sending Photo
Servo close
Sending Photo
Sending Photo
Sending Photo
Sending Photo
Sending Photo
Servo open
Sending Photo
Servo close
Sending Photo
Servo open
Sending Photo
Sending Photo
Servo close
Sending Photo
Sending Photo
Sending Photo
Sending Photo
Sending Photo
Sending Photo
Sending Photo
Sending Photo
Sending Photo
Sending Photo
Sending Photo
Sending Photo
Sending Photo
Sending Photo
Sending Photo
Servo open
Sending Photo
Sending Photo
Servo close
Sending Photo
Sending Photo
Servo open
Servo close
Sending Photo
Sending Photo
Sending Photo
Sending Photo
Sending Photo
Sending Photo
Servo open
Sending Photo
Sending Photo
Servo close
Sending Photo
Sending Photo
Sending Photo
Sending Photo
Sending Photo
Sending Photo
Servo open
Sending Photo
Servo close
Sending Photo
Sending Photo
Sending Photo
Sending Photo
Sending Photo
Sending Photo
Sending Photo
Servo open
Sending Photo
Servo close
Sending Photo
Sending Photo
Sending Photo
Servo open
Sending Photo
Servo close
Sending Photo
Sending Photo
Sending Photo
Sending Photo
Sending Photo
Sending Photo
Sending Photo
Sending Photo
Sending Photo
Servo open
Sending Photo
Sending Photo
Servo close
Sending Photo
Sending Photo
Sending Photo
Sending Photo
Servo open
Sending Photo
Sending Photo
Servo close
Sending Photo
Sending Photo
Servo open
Sending Photo
Servo close
Sending Photo
Sending Photo
Sending Photo
Sending Photo
Sending Photo
Sending Photo
Sending Photo
Sending Photo
Sending Photo
Sending Photo
Sending Photo
Servo open
Sending Photo
Sending Photo
Servo close
Sending Photo
Sending Photo
Sending Photo
Servo open
Sending Photo
Sending Photo
Servo close
Sending Photo
Sending Photo
Servo open
Sending Photo
Sending Photo
Sending Photo
Sending Photo
Sending Photo
Sending Photo
Sending Photo
Sending Photo
Sending Photo
Sending Photo
Sending Photo
Failed to set parameter 65557 to <picamera.mmal.MMAL_PARAMETER_CAMERA_CONFIG_T object at 0xb1ba4a80>: Argument is invalid
Servo Init
Sending Photo
Ready
Sending Photo
Sending Photo
Sending Photo
Servo open
Sending Photo
Sending Photo
Servo close
Sending Photo
Sending Photo
Sending Photo
Sending Photo
Sending Photo
Sending Photo
Sending Photo
Sending Photo
Sending Photo
Sending Photo
Sending Photo
Sending Photo
Servo open
Sending Photo
Sending Photo
Servo close
Sending Photo
Sending Photo
Sending Photo
Sending Photo
Sending Photo
Servo open
Sending Photo
Sending Photo
Failed to set parameter 65557 to <picamera.mmal.MMAL_PARAMETER_CAMERA_CONFIG_T object at 0xb5d4d580>: Argument is invalid
Servo Init
Sending Photo
Ready
Sending Photo
Sending Photo
Sending Photo
Sending Photo
Sending Photo
Sending Photo
Sending Photo
Sending Photo
Sending Photo
Sending Photo
Sending Photo
Sending Photo
Sending Photo
Sending Photo
Sending Photo
Sending Photo
Servo open
Servo close
Sending Photo
Sending Photo
Servo open
Sending Photo
Sending Photo
Servo close
Sending Photo
Sending Photo
Sending Photo
Servo open
Sending Photo
Sending Photo
Servo close
Sending Photo
Sending Photo
Sending Photo
Sending Photo
Sending Photo
Sending Photo
Sending Photo
Sending Photo
Sending Photo
Sending Photo
Sending Photo
Sending Photo
Timed out
